<?xml version="1.0" encoding="UTF-8"?>
<!-- Generated by org.testng.reporters.JUnitReportReporter -->
<testsuite hostname="LAPTOP-LIAKTO4M" failures="0" tests="1" name="com.mindtree.com.TestSet2" time="3.489" errors="0" timestamp="2021-10-14T09:49:14 IST" skipped="0">
  <testcase classname="com.mindtree.com.TestSet2" name="validateTitle" time="3.489"/>
  <system-out/>
</testsuite> <!-- com.mindtree.com.TestSet2 -->
