<?xml version="1.0" encoding="UTF-8"?>
<!-- Generated by org.testng.reporters.JUnitReportReporter -->
<testsuite hostname="LAPTOP-LIAKTO4M" failures="0" tests="2" name="com.mindtree.com.TestSet1" time="17.248" errors="0" timestamp="2021-10-14T09:49:14 IST" skipped="0">
  <testcase classname="com.mindtree.com.TestSet1" name="validateLogin" time="8.688"/>
  <system-out/>
  <testcase classname="com.mindtree.com.TestSet1" name="validateLogin" time="8.560"/>
  <system-out/>
</testsuite> <!-- com.mindtree.com.TestSet1 -->
