<?xml version="1.0" encoding="UTF-8"?>
<!-- Generated by org.testng.reporters.JUnitReportReporter -->
<testsuite hostname="LAPTOP-LIAKTO4M" failures="0" tests="1" name="com.mindtree.com.HomePage1" time="26.927" errors="0" timestamp="2021-10-13T09:52:41 IST" skipped="0">
  <testcase classname="com.mindtree.com.HomePage1" name="navigate2BaseClass" time="26.927"/>
  <system-out/>
</testsuite> <!-- com.mindtree.com.HomePage1 -->
