<?xml version="1.0" encoding="UTF-8"?>
<!-- Generated by org.testng.reporters.JUnitReportReporter -->
<testsuite hostname="LAPTOP-LIAKTO4M" failures="0" tests="1" name="com.mindtree.com.Base" time="2.089" errors="0" timestamp="2021-10-12T12:19:50 IST" skipped="0">
  <testcase classname="com.mindtree.com.Base" name="invokeBrowser" time="2.089"/>
  <system-out/>
</testsuite> <!-- com.mindtree.com.Base -->
