<?xml version="1.0" encoding="UTF-8"?>
<!-- Generated by org.testng.reporters.JUnitReportReporter -->
<testsuite hostname="LAPTOP-LIAKTO4M" failures="0" tests="1" name="testing.TestSet2" time="4.116" errors="0" timestamp="3 Nov 2021 10:45:41 GMT">
  <testcase classname="testing.TestSet2" name="validateTitle" time="4.116"/>
</testsuite> <!-- testing.TestSet2 -->
