<?xml version="1.0" encoding="UTF-8"?>
<!-- Generated by org.testng.reporters.JUnitReportReporter -->
<testsuite hostname="LAPTOP-LIAKTO4M" failures="0" tests="2" name="testing.TestSet1" time="15.551" errors="0" timestamp="3 Nov 2021 10:50:33 GMT">
  <testcase classname="testing.TestSet1" name="validateLogin" time="8.435"/>
  <testcase classname="testing.TestSet1" name="validateLogin" time="7.116"/>
</testsuite> <!-- testing.TestSet1 -->
